2021-04-08 00:43:59.546  INFO 43382 --- [XNIO-1 task-56] l.server.io.HandshakeInterceptorImpl     : Incoming connection from /127.0.0.1:54193
2021-04-08 00:43:59.689  INFO 43382 --- [XNIO-1 task-56] lavalink.server.io.SocketServer          : Connection successfully established from /127.0.0.1:54193
2021-04-08 01:53:39.288  INFO 43382 --- [Thread-1] o.s.s.concurrent.ThreadPoolTaskExecutor  : Shutting down ExecutorService 'applicationTaskExecutor'
2021-04-08 01:53:39.340  INFO 43382 --- [Thread-1] c.s.d.l.tools.GarbageCollectionMonitor   : GC monitoring disabled.
2021-04-08 01:53:39.425  INFO 43382 --- [Thread-1] io.undertow.servlet                      : Destroying Spring FrameworkServlet 'dispatcherServlet'
2021-04-08 01:53:39.623 ERROR 43382 --- [XNIO-1 I/O-5] org.xnio.listener                        : XNIO001007: A channel event listener threw an exception

java.util.concurrent.RejectedExecutionException: XNIO007007: Thread is terminating
	at org.xnio.nio.WorkerThread.execute(WorkerThread.java:590) ~[xnio-nio-3.3.8.Final.jar!/:3.3.8.Final]
	at io.undertow.websockets.jsr.UndertowSession$3.handleEvent(UndertowSession.java:396) ~[undertow-websockets-jsr-2.0.26.Final.jar!/:2.0.26.Final]
	at io.undertow.websockets.jsr.UndertowSession$3.handleEvent(UndertowSession.java:388) ~[undertow-websockets-jsr-2.0.26.Final.jar!/:2.0.26.Final]
	at org.xnio.ChannelListeners.invokeChannelListener(ChannelListeners.java:92) ~[xnio-api-3.3.8.Final.jar!/:3.3.8.Final]
	at io.undertow.server.protocol.framed.AbstractFramedChannel$FrameCloseListener.handleEvent(AbstractFramedChannel.java:1063) ~[undertow-core-2.0.26.Final.jar!/:2.0.26.Final]
	at io.undertow.server.protocol.framed.AbstractFramedChannel$FrameCloseListener.handleEvent(AbstractFramedChannel.java:978) ~[undertow-core-2.0.26.Final.jar!/:2.0.26.Final]
	at org.xnio.ChannelListeners.invokeChannelListener(ChannelListeners.java:92) ~[xnio-api-3.3.8.Final.jar!/:3.3.8.Final]
	at org.xnio.conduits.WriteReadyHandler$ChannelListenerHandler.terminated(WriteReadyHandler.java:70) ~[xnio-api-3.3.8.Final.jar!/:3.3.8.Final]
	at org.xnio.nio.NioSocketConduit.writeTerminated(NioSocketConduit.java:234) ~[xnio-nio-3.3.8.Final.jar!/:3.3.8.Final]
	at org.xnio.nio.NioSocketConduit.terminateWrites(NioSocketConduit.java:223) ~[xnio-nio-3.3.8.Final.jar!/:3.3.8.Final]
	at org.xnio.nio.NioSocketConduit.truncateWrites(NioSocketConduit.java:228) ~[xnio-nio-3.3.8.Final.jar!/:3.3.8.Final]
	at io.undertow.conduits.IdleTimeoutConduit.truncateWrites(IdleTimeoutConduit.java:387) ~[undertow-core-2.0.26.Final.jar!/:2.0.26.Final]
	at org.xnio.conduits.ConduitStreamSinkChannel.close(ConduitStreamSinkChannel.java:186) ~[xnio-api-3.3.8.Final.jar!/:3.3.8.Final]
	at org.xnio.IoUtils.safeClose(IoUtils.java:134) ~[xnio-api-3.3.8.Final.jar!/:3.3.8.Final]
	at org.xnio.conduits.WriteReadyHandler$ChannelListenerHandler.forceTermination(WriteReadyHandler.java:57) ~[xnio-api-3.3.8.Final.jar!/:3.3.8.Final]
	at org.xnio.nio.NioSocketConduit.forceTermination(NioSocketConduit.java:107) ~[xnio-nio-3.3.8.Final.jar!/:3.3.8.Final]
	at org.xnio.nio.WorkerThread.run(WorkerThread.java:494) ~[xnio-nio-3.3.8.Final.jar!/:3.3.8.Final]

